{"C:\\Users\\Raden Raihan Kusuma\\Documents\\Raihan\\Coding\\Bootcamp Hacktiv8\\Phase 3\\Final Project\\backend\\index.js": {"path":"C:\\Users\\Raden Raihan Kusuma\\Documents\\Raihan\\Coding\\Bootcamp Hacktiv8\\Phase 3\\Final Project\\backend\\index.js","statementMap":{"0":{"start":{"line":1,"column":0},"end":{"line":3,"column":1}},"1":{"start":{"line":2,"column":2},"end":{"line":2,"column":29}},"2":{"start":{"line":4,"column":25},"end":{"line":4,"column":50}},"3":{"start":{"line":5,"column":34},"end":{"line":5,"column":70}},"4":{"start":{"line":6,"column":25},"end":{"line":6,"column":43}},"5":{"start":{"line":7,"column":12},"end":{"line":7,"column":35}},"6":{"start":{"line":8,"column":21},"end":{"line":8,"column":46}},"7":{"start":{"line":9,"column":29},"end":{"line":9,"column":62}},"8":{"start":{"line":10,"column":30},"end":{"line":10,"column":64}},"9":{"start":{"line":13,"column":22},"end":{"line":13,"column":49}},"10":{"start":{"line":14,"column":30},"end":{"line":14,"column":65}},"11":{"start":{"line":15,"column":31},"end":{"line":15,"column":67}},"12":{"start":{"line":20,"column":17},"end":{"line":20,"column":76}},"13":{"start":{"line":21,"column":18},"end":{"line":21,"column":80}},"14":{"start":{"line":22,"column":15},"end":{"line":26,"column":2}},"15":{"start":{"line":28,"column":0},"end":{"line":32,"column":1}}},"fnMap":{},"branchMap":{"0":{"loc":{"start":{"line":1,"column":0},"end":{"line":3,"column":1}},"type":"if","locations":[{"start":{"line":1,"column":0},"end":{"line":3,"column":1}},{"start":{},"end":{}}],"line":1}},"s":{"0":1,"1":1,"2":1,"3":1,"4":1,"5":1,"6":1,"7":1,"8":1,"9":1,"10":1,"11":1,"12":1,"13":1,"14":1,"15":1},"f":{},"b":{"0":[1,0]},"_coverageSchema":"1a1c01bbd47fc00a2c39e90264f33305004495a9","hash":"f185430c6cdee855e963090f66153e42a9941855"}
,"C:\\Users\\Raden Raihan Kusuma\\Documents\\Raihan\\Coding\\Bootcamp Hacktiv8\\Phase 3\\Final Project\\backend\\config\\db.js": {"path":"C:\\Users\\Raden Raihan Kusuma\\Documents\\Raihan\\Coding\\Bootcamp Hacktiv8\\Phase 3\\Final Project\\backend\\config\\db.js","statementMap":{"0":{"start":{"line":1,"column":52},"end":{"line":1,"column":70}},"1":{"start":{"line":2,"column":12},"end":{"line":2,"column":130}},"2":{"start":{"line":5,"column":15},"end":{"line":11,"column":2}},"3":{"start":{"line":14,"column":17},"end":{"line":14,"column":40}},"4":{"start":{"line":31,"column":0},"end":{"line":31,"column":26}}},"fnMap":{},"branchMap":{},"s":{"0":1,"1":1,"2":1,"3":1,"4":1},"f":{},"b":{},"_coverageSchema":"1a1c01bbd47fc00a2c39e90264f33305004495a9","hash":"aded5475e69e5baf1638641075ce020be0bdaa71"}
,"C:\\Users\\Raden Raihan Kusuma\\Documents\\Raihan\\Coding\\Bootcamp Hacktiv8\\Phase 3\\Final Project\\backend\\models\\conversation.js": {"path":"C:\\Users\\Raden Raihan Kusuma\\Documents\\Raihan\\Coding\\Bootcamp Hacktiv8\\Phase 3\\Final Project\\backend\\models\\conversation.js","statementMap":{"0":{"start":{"line":1,"column":21},"end":{"line":1,"column":39}},"1":{"start":{"line":2,"column":17},"end":{"line":2,"column":40}},"2":{"start":{"line":3,"column":19},"end":{"line":3,"column":36}},"3":{"start":{"line":4,"column":25},"end":{"line":4,"column":43}},"4":{"start":{"line":5,"column":13},"end":{"line":5,"column":25}},"5":{"start":{"line":9,"column":4},"end":{"line":9,"column":48}},"6":{"start":{"line":13,"column":35},"end":{"line":13,"column":52}},"7":{"start":{"line":15,"column":17},"end":{"line":17,"column":6}},"8":{"start":{"line":19,"column":4},"end":{"line":19,"column":16}},"9":{"start":{"line":23,"column":35},"end":{"line":23,"column":52}},"10":{"start":{"line":24,"column":31},"end":{"line":27,"column":6}},"11":{"start":{"line":28,"column":4},"end":{"line":28,"column":30}},"12":{"start":{"line":32,"column":35},"end":{"line":32,"column":52}},"13":{"start":{"line":33,"column":4},"end":{"line":39,"column":5}},"14":{"start":{"line":34,"column":6},"end":{"line":38,"column":9}},"15":{"start":{"line":42,"column":25},"end":{"line":80,"column":5}},"16":{"start":{"line":83,"column":22},"end":{"line":86,"column":6}},"17":{"start":{"line":88,"column":4},"end":{"line":88,"column":23}},"18":{"start":{"line":90,"column":28},"end":{"line":105,"column":5}},"19":{"start":{"line":107,"column":28},"end":{"line":121,"column":5}},"20":{"start":{"line":123,"column":46},"end":{"line":125,"column":5}},"21":{"start":{"line":127,"column":4},"end":{"line":127,"column":45}},"22":{"start":{"line":131,"column":0},"end":{"line":131,"column":30}}},"fnMap":{"0":{"name":"(anonymous_0)","decl":{"start":{"line":8,"column":2},"end":{"line":8,"column":3}},"loc":{"start":{"line":8,"column":22},"end":{"line":10,"column":3}},"line":8},"1":{"name":"(anonymous_1)","decl":{"start":{"line":12,"column":2},"end":{"line":12,"column":3}},"loc":{"start":{"line":12,"column":32},"end":{"line":20,"column":3}},"line":12},"2":{"name":"(anonymous_2)","decl":{"start":{"line":22,"column":2},"end":{"line":22,"column":3}},"loc":{"start":{"line":22,"column":39},"end":{"line":29,"column":3}},"line":22},"3":{"name":"(anonymous_3)","decl":{"start":{"line":31,"column":2},"end":{"line":31,"column":3}},"loc":{"start":{"line":31,"column":33},"end":{"line":128,"column":3}},"line":31}},"branchMap":{"0":{"loc":{"start":{"line":33,"column":4},"end":{"line":39,"column":5}},"type":"if","locations":[{"start":{"line":33,"column":4},"end":{"line":39,"column":5}},{"start":{},"end":{}}],"line":33}},"s":{"0":1,"1":1,"2":1,"3":1,"4":1,"5":0,"6":0,"7":0,"8":0,"9":0,"10":0,"11":0,"12":0,"13":0,"14":0,"15":0,"16":0,"17":0,"18":0,"19":0,"20":0,"21":0,"22":1},"f":{"0":0,"1":0,"2":0,"3":0},"b":{"0":[0,0]},"_coverageSchema":"1a1c01bbd47fc00a2c39e90264f33305004495a9","hash":"6e9cf3a1ee0162b99876220bdae2e94ab903e109"}
,"C:\\Users\\Raden Raihan Kusuma\\Documents\\Raihan\\Coding\\Bootcamp Hacktiv8\\Phase 3\\Final Project\\backend\\models\\user.js": {"path":"C:\\Users\\Raden Raihan Kusuma\\Documents\\Raihan\\Coding\\Bootcamp Hacktiv8\\Phase 3\\Final Project\\backend\\models\\user.js","statementMap":{"0":{"start":{"line":1,"column":17},"end":{"line":1,"column":40}},"1":{"start":{"line":2,"column":18},"end":{"line":2,"column":38}},"2":{"start":{"line":3,"column":25},"end":{"line":3,"column":43}},"3":{"start":{"line":4,"column":17},"end":{"line":4,"column":36}},"4":{"start":{"line":5,"column":21},"end":{"line":5,"column":39}},"5":{"start":{"line":8,"column":4},"end":{"line":8,"column":40}},"6":{"start":{"line":12,"column":27},"end":{"line":12,"column":44}},"7":{"start":{"line":14,"column":17},"end":{"line":14,"column":54}},"8":{"start":{"line":15,"column":4},"end":{"line":15,"column":16}},"9":{"start":{"line":19,"column":27},"end":{"line":19,"column":44}},"10":{"start":{"line":20,"column":17},"end":{"line":20,"column":63}},"11":{"start":{"line":21,"column":4},"end":{"line":21,"column":16}},"12":{"start":{"line":25,"column":27},"end":{"line":25,"column":44}},"13":{"start":{"line":26,"column":17},"end":{"line":26,"column":73}},"14":{"start":{"line":27,"column":4},"end":{"line":27,"column":16}},"15":{"start":{"line":31,"column":27},"end":{"line":31,"column":44}},"16":{"start":{"line":32,"column":17},"end":{"line":34,"column":6}},"17":{"start":{"line":35,"column":4},"end":{"line":35,"column":16}},"18":{"start":{"line":39,"column":27},"end":{"line":39,"column":44}},"19":{"start":{"line":40,"column":25},"end":{"line":40,"column":57}},"20":{"start":{"line":41,"column":26},"end":{"line":41,"column":74}},"21":{"start":{"line":42,"column":31},"end":{"line":42,"column":68}},"22":{"start":{"line":43,"column":34},"end":{"line":43,"column":77}},"23":{"start":{"line":45,"column":4},"end":{"line":51,"column":5}},"24":{"start":{"line":46,"column":6},"end":{"line":50,"column":9}},"25":{"start":{"line":53,"column":4},"end":{"line":59,"column":5}},"26":{"start":{"line":54,"column":6},"end":{"line":58,"column":9}},"27":{"start":{"line":61,"column":4},"end":{"line":67,"column":5}},"28":{"start":{"line":62,"column":6},"end":{"line":66,"column":9}},"29":{"start":{"line":69,"column":4},"end":{"line":75,"column":5}},"30":{"start":{"line":70,"column":6},"end":{"line":74,"column":9}},"31":{"start":{"line":77,"column":4},"end":{"line":83,"column":5}},"32":{"start":{"line":78,"column":6},"end":{"line":82,"column":9}},"33":{"start":{"line":85,"column":4},"end":{"line":91,"column":5}},"34":{"start":{"line":86,"column":6},"end":{"line":90,"column":9}},"35":{"start":{"line":93,"column":4},"end":{"line":99,"column":5}},"36":{"start":{"line":94,"column":6},"end":{"line":98,"column":9}},"37":{"start":{"line":101,"column":17},"end":{"line":105,"column":6}},"38":{"start":{"line":108,"column":23},"end":{"line":108,"column":53}},"39":{"start":{"line":110,"column":4},"end":{"line":110,"column":22}},"40":{"start":{"line":114,"column":0},"end":{"line":114,"column":22}}},"fnMap":{"0":{"name":"(anonymous_0)","decl":{"start":{"line":7,"column":2},"end":{"line":7,"column":3}},"loc":{"start":{"line":7,"column":22},"end":{"line":9,"column":3}},"line":7},"1":{"name":"(anonymous_1)","decl":{"start":{"line":11,"column":2},"end":{"line":11,"column":3}},"loc":{"start":{"line":11,"column":25},"end":{"line":16,"column":3}},"line":11},"2":{"name":"(anonymous_2)","decl":{"start":{"line":18,"column":2},"end":{"line":18,"column":3}},"loc":{"start":{"line":18,"column":34},"end":{"line":22,"column":3}},"line":18},"3":{"name":"(anonymous_3)","decl":{"start":{"line":24,"column":2},"end":{"line":24,"column":3}},"loc":{"start":{"line":24,"column":29},"end":{"line":28,"column":3}},"line":24},"4":{"name":"(anonymous_4)","decl":{"start":{"line":30,"column":2},"end":{"line":30,"column":3}},"loc":{"start":{"line":30,"column":40},"end":{"line":36,"column":3}},"line":30},"5":{"name":"(anonymous_5)","decl":{"start":{"line":38,"column":2},"end":{"line":38,"column":3}},"loc":{"start":{"line":38,"column":35},"end":{"line":111,"column":3}},"line":38}},"branchMap":{"0":{"loc":{"start":{"line":45,"column":4},"end":{"line":51,"column":5}},"type":"if","locations":[{"start":{"line":45,"column":4},"end":{"line":51,"column":5}},{"start":{},"end":{}}],"line":45},"1":{"loc":{"start":{"line":53,"column":4},"end":{"line":59,"column":5}},"type":"if","locations":[{"start":{"line":53,"column":4},"end":{"line":59,"column":5}},{"start":{},"end":{}}],"line":53},"2":{"loc":{"start":{"line":61,"column":4},"end":{"line":67,"column":5}},"type":"if","locations":[{"start":{"line":61,"column":4},"end":{"line":67,"column":5}},{"start":{},"end":{}}],"line":61},"3":{"loc":{"start":{"line":69,"column":4},"end":{"line":75,"column":5}},"type":"if","locations":[{"start":{"line":69,"column":4},"end":{"line":75,"column":5}},{"start":{},"end":{}}],"line":69},"4":{"loc":{"start":{"line":77,"column":4},"end":{"line":83,"column":5}},"type":"if","locations":[{"start":{"line":77,"column":4},"end":{"line":83,"column":5}},{"start":{},"end":{}}],"line":77},"5":{"loc":{"start":{"line":85,"column":4},"end":{"line":91,"column":5}},"type":"if","locations":[{"start":{"line":85,"column":4},"end":{"line":91,"column":5}},{"start":{},"end":{}}],"line":85},"6":{"loc":{"start":{"line":93,"column":4},"end":{"line":99,"column":5}},"type":"if","locations":[{"start":{"line":93,"column":4},"end":{"line":99,"column":5}},{"start":{},"end":{}}],"line":93}},"s":{"0":1,"1":1,"2":1,"3":1,"4":1,"5":4,"6":1,"7":1,"8":1,"9":3,"10":3,"11":3,"12":0,"13":0,"14":0,"15":0,"16":0,"17":0,"18":0,"19":0,"20":0,"21":0,"22":0,"23":0,"24":0,"25":0,"26":0,"27":0,"28":0,"29":0,"30":0,"31":0,"32":0,"33":0,"34":0,"35":0,"36":0,"37":0,"38":0,"39":0,"40":1},"f":{"0":4,"1":1,"2":3,"3":0,"4":0,"5":0},"b":{"0":[0,0],"1":[0,0],"2":[0,0],"3":[0,0],"4":[0,0],"5":[0,0],"6":[0,0]},"_coverageSchema":"1a1c01bbd47fc00a2c39e90264f33305004495a9","hash":"b0769ecf2ecd69589b7face215febe13933c2447"}
,"C:\\Users\\Raden Raihan Kusuma\\Documents\\Raihan\\Coding\\Bootcamp Hacktiv8\\Phase 3\\Final Project\\backend\\models\\userComplaint.js": {"path":"C:\\Users\\Raden Raihan Kusuma\\Documents\\Raihan\\Coding\\Bootcamp Hacktiv8\\Phase 3\\Final Project\\backend\\models\\userComplaint.js","statementMap":{"0":{"start":{"line":1,"column":21},"end":{"line":1,"column":39}},"1":{"start":{"line":2,"column":17},"end":{"line":2,"column":40}},"2":{"start":{"line":3,"column":25},"end":{"line":3,"column":43}},"3":{"start":{"line":4,"column":18},"end":{"line":4,"column":38}},"4":{"start":{"line":6,"column":18},"end":{"line":20,"column":1}},"5":{"start":{"line":24,"column":4},"end":{"line":24,"column":49}},"6":{"start":{"line":28,"column":36},"end":{"line":28,"column":53}},"7":{"start":{"line":30,"column":17},"end":{"line":32,"column":6}},"8":{"start":{"line":34,"column":4},"end":{"line":34,"column":16}},"9":{"start":{"line":38,"column":36},"end":{"line":38,"column":53}},"10":{"start":{"line":40,"column":4},"end":{"line":53,"column":5}},"11":{"start":{"line":48,"column":6},"end":{"line":52,"column":9}},"12":{"start":{"line":55,"column":4},"end":{"line":61,"column":5}},"13":{"start":{"line":56,"column":6},"end":{"line":60,"column":9}},"14":{"start":{"line":63,"column":4},"end":{"line":72,"column":5}},"15":{"start":{"line":64,"column":6},"end":{"line":71,"column":8}},"16":{"start":{"line":74,"column":4},"end":{"line":83,"column":5}},"17":{"start":{"line":75,"column":6},"end":{"line":82,"column":8}},"18":{"start":{"line":85,"column":4},"end":{"line":94,"column":5}},"19":{"start":{"line":86,"column":6},"end":{"line":93,"column":8}},"20":{"start":{"line":96,"column":4},"end":{"line":105,"column":5}},"21":{"start":{"line":97,"column":6},"end":{"line":104,"column":8}},"22":{"start":{"line":107,"column":4},"end":{"line":116,"column":5}},"23":{"start":{"line":108,"column":6},"end":{"line":115,"column":8}},"24":{"start":{"line":118,"column":30},"end":{"line":118,"column":71}},"25":{"start":{"line":119,"column":4},"end":{"line":128,"column":5}},"26":{"start":{"line":120,"column":6},"end":{"line":127,"column":8}},"27":{"start":{"line":130,"column":19},"end":{"line":134,"column":6}},"28":{"start":{"line":136,"column":29},"end":{"line":136,"column":70}},"29":{"start":{"line":138,"column":4},"end":{"line":138,"column":28}},"30":{"start":{"line":142,"column":36},"end":{"line":142,"column":53}},"31":{"start":{"line":143,"column":4},"end":{"line":156,"column":5}},"32":{"start":{"line":151,"column":6},"end":{"line":155,"column":9}},"33":{"start":{"line":158,"column":4},"end":{"line":164,"column":5}},"34":{"start":{"line":159,"column":6},"end":{"line":163,"column":9}},"35":{"start":{"line":166,"column":4},"end":{"line":175,"column":5}},"36":{"start":{"line":167,"column":6},"end":{"line":174,"column":8}},"37":{"start":{"line":177,"column":4},"end":{"line":186,"column":5}},"38":{"start":{"line":178,"column":6},"end":{"line":185,"column":8}},"39":{"start":{"line":188,"column":4},"end":{"line":197,"column":5}},"40":{"start":{"line":189,"column":6},"end":{"line":196,"column":8}},"41":{"start":{"line":199,"column":4},"end":{"line":208,"column":5}},"42":{"start":{"line":200,"column":6},"end":{"line":207,"column":8}},"43":{"start":{"line":210,"column":4},"end":{"line":219,"column":5}},"44":{"start":{"line":211,"column":6},"end":{"line":218,"column":8}},"45":{"start":{"line":228,"column":8},"end":{"line":228,"column":12}},"46":{"start":{"line":230,"column":19},"end":{"line":248,"column":5}},"47":{"start":{"line":250,"column":4},"end":{"line":250,"column":18}},"48":{"start":{"line":254,"column":0},"end":{"line":254,"column":31}}},"fnMap":{"0":{"name":"(anonymous_0)","decl":{"start":{"line":23,"column":2},"end":{"line":23,"column":3}},"loc":{"start":{"line":23,"column":22},"end":{"line":25,"column":3}},"line":23},"1":{"name":"(anonymous_1)","decl":{"start":{"line":27,"column":2},"end":{"line":27,"column":3}},"loc":{"start":{"line":27,"column":38},"end":{"line":35,"column":3}},"line":27},"2":{"name":"(anonymous_2)","decl":{"start":{"line":37,"column":2},"end":{"line":37,"column":3}},"loc":{"start":{"line":37,"column":41},"end":{"line":139,"column":3}},"line":37},"3":{"name":"(anonymous_3)","decl":{"start":{"line":141,"column":2},"end":{"line":141,"column":3}},"loc":{"start":{"line":141,"column":41},"end":{"line":251,"column":3}},"line":141}},"branchMap":{"0":{"loc":{"start":{"line":40,"column":4},"end":{"line":53,"column":5}},"type":"if","locations":[{"start":{"line":40,"column":4},"end":{"line":53,"column":5}},{"start":{},"end":{}}],"line":40},"1":{"loc":{"start":{"line":41,"column":6},"end":{"line":46,"column":26}},"type":"binary-expr","locations":[{"start":{"line":41,"column":6},"end":{"line":41,"column":20}},{"start":{"line":42,"column":6},"end":{"line":42,"column":30}},{"start":{"line":43,"column":6},"end":{"line":43,"column":27}},{"start":{"line":44,"column":6},"end":{"line":44,"column":30}},{"start":{"line":45,"column":6},"end":{"line":45,"column":27}},{"start":{"line":46,"column":6},"end":{"line":46,"column":26}}],"line":41},"2":{"loc":{"start":{"line":55,"column":4},"end":{"line":61,"column":5}},"type":"if","locations":[{"start":{"line":55,"column":4},"end":{"line":61,"column":5}},{"start":{},"end":{}}],"line":55},"3":{"loc":{"start":{"line":63,"column":4},"end":{"line":72,"column":5}},"type":"if","locations":[{"start":{"line":63,"column":4},"end":{"line":72,"column":5}},{"start":{},"end":{}}],"line":63},"4":{"loc":{"start":{"line":74,"column":4},"end":{"line":83,"column":5}},"type":"if","locations":[{"start":{"line":74,"column":4},"end":{"line":83,"column":5}},{"start":{},"end":{}}],"line":74},"5":{"loc":{"start":{"line":85,"column":4},"end":{"line":94,"column":5}},"type":"if","locations":[{"start":{"line":85,"column":4},"end":{"line":94,"column":5}},{"start":{},"end":{}}],"line":85},"6":{"loc":{"start":{"line":96,"column":4},"end":{"line":105,"column":5}},"type":"if","locations":[{"start":{"line":96,"column":4},"end":{"line":105,"column":5}},{"start":{},"end":{}}],"line":96},"7":{"loc":{"start":{"line":107,"column":4},"end":{"line":116,"column":5}},"type":"if","locations":[{"start":{"line":107,"column":4},"end":{"line":116,"column":5}},{"start":{},"end":{}}],"line":107},"8":{"loc":{"start":{"line":119,"column":4},"end":{"line":128,"column":5}},"type":"if","locations":[{"start":{"line":119,"column":4},"end":{"line":128,"column":5}},{"start":{},"end":{}}],"line":119},"9":{"loc":{"start":{"line":143,"column":4},"end":{"line":156,"column":5}},"type":"if","locations":[{"start":{"line":143,"column":4},"end":{"line":156,"column":5}},{"start":{},"end":{}}],"line":143},"10":{"loc":{"start":{"line":144,"column":6},"end":{"line":149,"column":26}},"type":"binary-expr","locations":[{"start":{"line":144,"column":6},"end":{"line":144,"column":20}},{"start":{"line":145,"column":6},"end":{"line":145,"column":30}},{"start":{"line":146,"column":6},"end":{"line":146,"column":27}},{"start":{"line":147,"column":6},"end":{"line":147,"column":30}},{"start":{"line":148,"column":6},"end":{"line":148,"column":27}},{"start":{"line":149,"column":6},"end":{"line":149,"column":26}}],"line":144},"11":{"loc":{"start":{"line":158,"column":4},"end":{"line":164,"column":5}},"type":"if","locations":[{"start":{"line":158,"column":4},"end":{"line":164,"column":5}},{"start":{},"end":{}}],"line":158},"12":{"loc":{"start":{"line":166,"column":4},"end":{"line":175,"column":5}},"type":"if","locations":[{"start":{"line":166,"column":4},"end":{"line":175,"column":5}},{"start":{},"end":{}}],"line":166},"13":{"loc":{"start":{"line":177,"column":4},"end":{"line":186,"column":5}},"type":"if","locations":[{"start":{"line":177,"column":4},"end":{"line":186,"column":5}},{"start":{},"end":{}}],"line":177},"14":{"loc":{"start":{"line":188,"column":4},"end":{"line":197,"column":5}},"type":"if","locations":[{"start":{"line":188,"column":4},"end":{"line":197,"column":5}},{"start":{},"end":{}}],"line":188},"15":{"loc":{"start":{"line":199,"column":4},"end":{"line":208,"column":5}},"type":"if","locations":[{"start":{"line":199,"column":4},"end":{"line":208,"column":5}},{"start":{},"end":{}}],"line":199},"16":{"loc":{"start":{"line":210,"column":4},"end":{"line":219,"column":5}},"type":"if","locations":[{"start":{"line":210,"column":4},"end":{"line":219,"column":5}},{"start":{},"end":{}}],"line":210}},"s":{"0":1,"1":1,"2":1,"3":1,"4":1,"5":0,"6":0,"7":0,"8":0,"9":0,"10":0,"11":0,"12":0,"13":0,"14":0,"15":0,"16":0,"17":0,"18":0,"19":0,"20":0,"21":0,"22":0,"23":0,"24":0,"25":0,"26":0,"27":0,"28":0,"29":0,"30":0,"31":0,"32":0,"33":0,"34":0,"35":0,"36":0,"37":0,"38":0,"39":0,"40":0,"41":0,"42":0,"43":0,"44":0,"45":0,"46":0,"47":0,"48":1},"f":{"0":0,"1":0,"2":0,"3":0},"b":{"0":[0,0],"1":[0,0,0,0,0,0],"2":[0,0],"3":[0,0],"4":[0,0],"5":[0,0],"6":[0,0],"7":[0,0],"8":[0,0],"9":[0,0],"10":[0,0,0,0,0,0],"11":[0,0],"12":[0,0],"13":[0,0],"14":[0,0],"15":[0,0],"16":[0,0]},"_coverageSchema":"1a1c01bbd47fc00a2c39e90264f33305004495a9","hash":"42b609401a90d591c6fc1d75f7d9147d0f5c00c1"}
,"C:\\Users\\Raden Raihan Kusuma\\Documents\\Raihan\\Coding\\Bootcamp Hacktiv8\\Phase 3\\Final Project\\backend\\resolvers\\conversation.js": {"path":"C:\\Users\\Raden Raihan Kusuma\\Documents\\Raihan\\Coding\\Bootcamp Hacktiv8\\Phase 3\\Final Project\\backend\\resolvers\\conversation.js","statementMap":{"0":{"start":{"line":1,"column":21},"end":{"line":1,"column":54}},"1":{"start":{"line":2,"column":22},"end":{"line":2,"column":56}},"2":{"start":{"line":4,"column":18},"end":{"line":50,"column":1}},"3":{"start":{"line":7,"column":27},"end":{"line":7,"column":62}},"4":{"start":{"line":9,"column":6},"end":{"line":9,"column":36}},"5":{"start":{"line":10,"column":20},"end":{"line":10,"column":68}},"6":{"start":{"line":14,"column":6},"end":{"line":14,"column":19}},"7":{"start":{"line":20,"column":27},"end":{"line":20,"column":62}},"8":{"start":{"line":21,"column":21},"end":{"line":21,"column":37}},"9":{"start":{"line":22,"column":23},"end":{"line":22,"column":38}},"10":{"start":{"line":31,"column":10},"end":{"line":31,"column":55}},"11":{"start":{"line":33,"column":19},"end":{"line":43,"column":7}},"12":{"start":{"line":45,"column":21},"end":{"line":45,"column":57}},"13":{"start":{"line":47,"column":6},"end":{"line":47,"column":20}},"14":{"start":{"line":52,"column":0},"end":{"line":52,"column":27}}},"fnMap":{"0":{"name":"(anonymous_0)","decl":{"start":{"line":6,"column":20},"end":{"line":6,"column":21}},"loc":{"start":{"line":6,"column":53},"end":{"line":15,"column":5}},"line":6},"1":{"name":"(anonymous_1)","decl":{"start":{"line":19,"column":17},"end":{"line":19,"column":18}},"loc":{"start":{"line":19,"column":50},"end":{"line":48,"column":5}},"line":19}},"branchMap":{},"s":{"0":1,"1":1,"2":1,"3":0,"4":0,"5":0,"6":0,"7":0,"8":0,"9":0,"10":0,"11":0,"12":0,"13":0,"14":1},"f":{"0":0,"1":0},"b":{},"_coverageSchema":"1a1c01bbd47fc00a2c39e90264f33305004495a9","hash":"941eb638d1d93155663f272f3e4cc2745dff5a6c"}
,"C:\\Users\\Raden Raihan Kusuma\\Documents\\Raihan\\Coding\\Bootcamp Hacktiv8\\Phase 3\\Final Project\\backend\\resolvers\\user.js": {"path":"C:\\Users\\Raden Raihan Kusuma\\Documents\\Raihan\\Coding\\Bootcamp Hacktiv8\\Phase 3\\Final Project\\backend\\resolvers\\user.js","statementMap":{"0":{"start":{"line":1,"column":13},"end":{"line":1,"column":38}},"1":{"start":{"line":2,"column":17},"end":{"line":2,"column":36}},"2":{"start":{"line":3,"column":12},"end":{"line":3,"column":35}},"3":{"start":{"line":4,"column":25},"end":{"line":4,"column":43}},"4":{"start":{"line":5,"column":21},"end":{"line":5,"column":54}},"5":{"start":{"line":7,"column":14},"end":{"line":24,"column":1}},"6":{"start":{"line":26,"column":18},"end":{"line":91,"column":1}},"7":{"start":{"line":29,"column":20},"end":{"line":29,"column":40}},"8":{"start":{"line":30,"column":6},"end":{"line":30,"column":19}},"9":{"start":{"line":34,"column":23},"end":{"line":34,"column":63}},"10":{"start":{"line":35,"column":6},"end":{"line":35,"column":22}},"11":{"start":{"line":39,"column":22},"end":{"line":39,"column":26}},"12":{"start":{"line":40,"column":19},"end":{"line":40,"column":43}},"13":{"start":{"line":41,"column":6},"end":{"line":41,"column":18}},"14":{"start":{"line":47,"column":22},"end":{"line":47,"column":34}},"15":{"start":{"line":49,"column":21},"end":{"line":49,"column":51}},"16":{"start":{"line":52,"column":33},"end":{"line":52,"column":82}},"17":{"start":{"line":54,"column":6},"end":{"line":54,"column":20}},"18":{"start":{"line":58,"column":34},"end":{"line":58,"column":38}},"19":{"start":{"line":59,"column":19},"end":{"line":59,"column":48}},"20":{"start":{"line":60,"column":6},"end":{"line":66,"column":7}},"21":{"start":{"line":61,"column":8},"end":{"line":65,"column":11}},"22":{"start":{"line":67,"column":30},"end":{"line":67,"column":75}},"23":{"start":{"line":68,"column":6},"end":{"line":74,"column":7}},"24":{"start":{"line":69,"column":8},"end":{"line":73,"column":11}},"25":{"start":{"line":76,"column":27},"end":{"line":83,"column":7}},"26":{"start":{"line":85,"column":6},"end":{"line":88,"column":8}},"27":{"start":{"line":93,"column":0},"end":{"line":93,"column":27}}},"fnMap":{"0":{"name":"(anonymous_0)","decl":{"start":{"line":28,"column":18},"end":{"line":28,"column":19}},"loc":{"start":{"line":28,"column":30},"end":{"line":31,"column":5}},"line":28},"1":{"name":"(anonymous_1)","decl":{"start":{"line":33,"column":24},"end":{"line":33,"column":25}},"loc":{"start":{"line":33,"column":43},"end":{"line":36,"column":5}},"line":33},"2":{"name":"(anonymous_2)","decl":{"start":{"line":38,"column":18},"end":{"line":38,"column":19}},"loc":{"start":{"line":38,"column":37},"end":{"line":42,"column":5}},"line":38},"3":{"name":"(anonymous_3)","decl":{"start":{"line":46,"column":14},"end":{"line":46,"column":15}},"loc":{"start":{"line":46,"column":33},"end":{"line":55,"column":5}},"line":46},"4":{"name":"(anonymous_4)","decl":{"start":{"line":57,"column":11},"end":{"line":57,"column":12}},"loc":{"start":{"line":57,"column":30},"end":{"line":89,"column":5}},"line":57}},"branchMap":{"0":{"loc":{"start":{"line":60,"column":6},"end":{"line":66,"column":7}},"type":"if","locations":[{"start":{"line":60,"column":6},"end":{"line":66,"column":7}},{"start":{},"end":{}}],"line":60},"1":{"loc":{"start":{"line":68,"column":6},"end":{"line":74,"column":7}},"type":"if","locations":[{"start":{"line":68,"column":6},"end":{"line":74,"column":7}},{"start":{},"end":{}}],"line":68}},"s":{"0":1,"1":1,"2":1,"3":1,"4":1,"5":1,"6":1,"7":1,"8":1,"9":0,"10":0,"11":0,"12":0,"13":0,"14":0,"15":0,"16":0,"17":0,"18":3,"19":3,"20":3,"21":1,"22":2,"23":2,"24":1,"25":1,"26":1,"27":1},"f":{"0":1,"1":0,"2":0,"3":0,"4":3},"b":{"0":[1,2],"1":[1,1]},"_coverageSchema":"1a1c01bbd47fc00a2c39e90264f33305004495a9","hash":"33076797e2fa271955248528fc24612b3a913804"}
,"C:\\Users\\Raden Raihan Kusuma\\Documents\\Raihan\\Coding\\Bootcamp Hacktiv8\\Phase 3\\Final Project\\backend\\resolvers\\userComplaint.js": {"path":"C:\\Users\\Raden Raihan Kusuma\\Documents\\Raihan\\Coding\\Bootcamp Hacktiv8\\Phase 3\\Final Project\\backend\\resolvers\\userComplaint.js","statementMap":{"0":{"start":{"line":1,"column":21},"end":{"line":1,"column":39}},"1":{"start":{"line":2,"column":22},"end":{"line":2,"column":56}},"2":{"start":{"line":4,"column":18},"end":{"line":45,"column":1}},"3":{"start":{"line":7,"column":27},"end":{"line":7,"column":62}},"4":{"start":{"line":10,"column":29},"end":{"line":12,"column":7}},"5":{"start":{"line":13,"column":6},"end":{"line":13,"column":28}},"6":{"start":{"line":19,"column":27},"end":{"line":19,"column":62}},"7":{"start":{"line":21,"column":19},"end":{"line":24,"column":7}},"8":{"start":{"line":26,"column":18},"end":{"line":26,"column":63}},"9":{"start":{"line":28,"column":6},"end":{"line":28,"column":17}},"10":{"start":{"line":32,"column":27},"end":{"line":32,"column":62}},"11":{"start":{"line":36,"column":19},"end":{"line":39,"column":7}},"12":{"start":{"line":41,"column":18},"end":{"line":41,"column":63}},"13":{"start":{"line":42,"column":6},"end":{"line":42,"column":17}},"14":{"start":{"line":47,"column":0},"end":{"line":47,"column":27}}},"fnMap":{"0":{"name":"(anonymous_0)","decl":{"start":{"line":6,"column":22},"end":{"line":6,"column":23}},"loc":{"start":{"line":6,"column":55},"end":{"line":14,"column":5}},"line":6},"1":{"name":"(anonymous_1)","decl":{"start":{"line":18,"column":25},"end":{"line":18,"column":26}},"loc":{"start":{"line":18,"column":58},"end":{"line":29,"column":5}},"line":18},"2":{"name":"(anonymous_2)","decl":{"start":{"line":31,"column":25},"end":{"line":31,"column":26}},"loc":{"start":{"line":31,"column":58},"end":{"line":43,"column":5}},"line":31}},"branchMap":{},"s":{"0":1,"1":1,"2":1,"3":0,"4":0,"5":0,"6":0,"7":0,"8":0,"9":0,"10":0,"11":0,"12":0,"13":0,"14":1},"f":{"0":0,"1":0,"2":0},"b":{},"_coverageSchema":"1a1c01bbd47fc00a2c39e90264f33305004495a9","hash":"a9293c11dfceda84377a9fdd647c79d94b34269a"}
,"C:\\Users\\Raden Raihan Kusuma\\Documents\\Raihan\\Coding\\Bootcamp Hacktiv8\\Phase 3\\Final Project\\backend\\schemas\\conversation.js": {"path":"C:\\Users\\Raden Raihan Kusuma\\Documents\\Raihan\\Coding\\Bootcamp Hacktiv8\\Phase 3\\Final Project\\backend\\schemas\\conversation.js","statementMap":{"0":{"start":{"line":1,"column":17},"end":{"line":28,"column":1}},"1":{"start":{"line":30,"column":0},"end":{"line":30,"column":26}}},"fnMap":{},"branchMap":{},"s":{"0":1,"1":1},"f":{},"b":{},"_coverageSchema":"1a1c01bbd47fc00a2c39e90264f33305004495a9","hash":"0293d8682809cd84c054fdb169d8746309243ca7"}
,"C:\\Users\\Raden Raihan Kusuma\\Documents\\Raihan\\Coding\\Bootcamp Hacktiv8\\Phase 3\\Final Project\\backend\\schemas\\user.js": {"path":"C:\\Users\\Raden Raihan Kusuma\\Documents\\Raihan\\Coding\\Bootcamp Hacktiv8\\Phase 3\\Final Project\\backend\\schemas\\user.js","statementMap":{"0":{"start":{"line":2,"column":17},"end":{"line":35,"column":1}},"1":{"start":{"line":37,"column":0},"end":{"line":37,"column":26}}},"fnMap":{},"branchMap":{},"s":{"0":1,"1":1},"f":{},"b":{},"_coverageSchema":"1a1c01bbd47fc00a2c39e90264f33305004495a9","hash":"3e192c524eb7b99ea0a93e54a9060f3d9a8fc5e2"}
,"C:\\Users\\Raden Raihan Kusuma\\Documents\\Raihan\\Coding\\Bootcamp Hacktiv8\\Phase 3\\Final Project\\backend\\schemas\\userComplaint.js": {"path":"C:\\Users\\Raden Raihan Kusuma\\Documents\\Raihan\\Coding\\Bootcamp Hacktiv8\\Phase 3\\Final Project\\backend\\schemas\\userComplaint.js","statementMap":{"0":{"start":{"line":1,"column":17},"end":{"line":32,"column":1}},"1":{"start":{"line":34,"column":0},"end":{"line":34,"column":26}}},"fnMap":{},"branchMap":{},"s":{"0":1,"1":1},"f":{},"b":{},"_coverageSchema":"1a1c01bbd47fc00a2c39e90264f33305004495a9","hash":"b0e9cb47a14f7106ebc221ef3a1c90ce08d306bf"}
}
