{"C:\\Users\\Hactiv8\\phase3\\FinalProject\\backend\\index.js": {"path":"C:\\Users\\Hactiv8\\phase3\\FinalProject\\backend\\index.js","statementMap":{"0":{"start":{"line":1,"column":0},"end":{"line":3,"column":1}},"1":{"start":{"line":2,"column":2},"end":{"line":2,"column":29}},"2":{"start":{"line":4,"column":25},"end":{"line":4,"column":50}},"3":{"start":{"line":5,"column":34},"end":{"line":5,"column":70}},"4":{"start":{"line":6,"column":25},"end":{"line":6,"column":43}},"5":{"start":{"line":7,"column":12},"end":{"line":7,"column":35}},"6":{"start":{"line":8,"column":21},"end":{"line":8,"column":46}},"7":{"start":{"line":9,"column":29},"end":{"line":9,"column":62}},"8":{"start":{"line":12,"column":22},"end":{"line":12,"column":49}},"9":{"start":{"line":13,"column":30},"end":{"line":13,"column":65}},"10":{"start":{"line":18,"column":17},"end":{"line":18,"column":53}},"11":{"start":{"line":19,"column":18},"end":{"line":19,"column":56}},"12":{"start":{"line":20,"column":15},"end":{"line":24,"column":2}},"13":{"start":{"line":26,"column":0},"end":{"line":30,"column":1}}},"fnMap":{},"branchMap":{"0":{"loc":{"start":{"line":1,"column":0},"end":{"line":3,"column":1}},"type":"if","locations":[{"start":{"line":1,"column":0},"end":{"line":3,"column":1}},{"start":{},"end":{}}],"line":1}},"s":{"0":1,"1":1,"2":1,"3":1,"4":1,"5":1,"6":1,"7":1,"8":1,"9":1,"10":1,"11":1,"12":1,"13":1},"f":{},"b":{"0":[1,0]},"_coverageSchema":"1a1c01bbd47fc00a2c39e90264f33305004495a9","hash":"5d6cc53df5c2dcaf92013227fee0aeaea323d3a5"}
,"C:\\Users\\Hactiv8\\phase3\\FinalProject\\backend\\config\\db.js": {"path":"C:\\Users\\Hactiv8\\phase3\\FinalProject\\backend\\config\\db.js","statementMap":{"0":{"start":{"line":1,"column":52},"end":{"line":1,"column":70}},"1":{"start":{"line":2,"column":12},"end":{"line":2,"column":130}},"2":{"start":{"line":5,"column":15},"end":{"line":11,"column":2}},"3":{"start":{"line":14,"column":17},"end":{"line":14,"column":40}},"4":{"start":{"line":31,"column":0},"end":{"line":31,"column":26}}},"fnMap":{},"branchMap":{},"s":{"0":1,"1":1,"2":1,"3":1,"4":1},"f":{},"b":{},"_coverageSchema":"1a1c01bbd47fc00a2c39e90264f33305004495a9","hash":"2dd6b42ac53d4b2735c3629544b05abca616a635"}
,"C:\\Users\\Hactiv8\\phase3\\FinalProject\\backend\\models\\conversation.js": {"path":"C:\\Users\\Hactiv8\\phase3\\FinalProject\\backend\\models\\conversation.js","statementMap":{"0":{"start":{"line":1,"column":21},"end":{"line":1,"column":39}},"1":{"start":{"line":2,"column":17},"end":{"line":2,"column":40}},"2":{"start":{"line":3,"column":19},"end":{"line":3,"column":36}},"3":{"start":{"line":4,"column":13},"end":{"line":4,"column":25}},"4":{"start":{"line":8,"column":4},"end":{"line":8,"column":48}},"5":{"start":{"line":12,"column":35},"end":{"line":12,"column":52}},"6":{"start":{"line":14,"column":17},"end":{"line":16,"column":6}},"7":{"start":{"line":18,"column":4},"end":{"line":18,"column":16}},"8":{"start":{"line":22,"column":35},"end":{"line":22,"column":52}},"9":{"start":{"line":23,"column":31},"end":{"line":26,"column":6}},"10":{"start":{"line":27,"column":4},"end":{"line":27,"column":30}},"11":{"start":{"line":31,"column":35},"end":{"line":31,"column":52}},"12":{"start":{"line":34,"column":22},"end":{"line":34,"column":78}},"13":{"start":{"line":36,"column":4},"end":{"line":36,"column":23}},"14":{"start":{"line":38,"column":28},"end":{"line":53,"column":5}},"15":{"start":{"line":55,"column":28},"end":{"line":69,"column":5}},"16":{"start":{"line":71,"column":46},"end":{"line":73,"column":5}},"17":{"start":{"line":75,"column":4},"end":{"line":75,"column":45}},"18":{"start":{"line":79,"column":0},"end":{"line":79,"column":30}}},"fnMap":{"0":{"name":"(anonymous_0)","decl":{"start":{"line":7,"column":2},"end":{"line":7,"column":3}},"loc":{"start":{"line":7,"column":22},"end":{"line":9,"column":3}},"line":7},"1":{"name":"(anonymous_1)","decl":{"start":{"line":11,"column":2},"end":{"line":11,"column":3}},"loc":{"start":{"line":11,"column":32},"end":{"line":19,"column":3}},"line":11},"2":{"name":"(anonymous_2)","decl":{"start":{"line":21,"column":2},"end":{"line":21,"column":3}},"loc":{"start":{"line":21,"column":39},"end":{"line":28,"column":3}},"line":21},"3":{"name":"(anonymous_3)","decl":{"start":{"line":30,"column":2},"end":{"line":30,"column":3}},"loc":{"start":{"line":30,"column":33},"end":{"line":76,"column":3}},"line":30}},"branchMap":{},"s":{"0":1,"1":1,"2":1,"3":1,"4":0,"5":0,"6":0,"7":0,"8":0,"9":0,"10":0,"11":0,"12":0,"13":0,"14":0,"15":0,"16":0,"17":0,"18":1},"f":{"0":0,"1":0,"2":0,"3":0},"b":{},"_coverageSchema":"1a1c01bbd47fc00a2c39e90264f33305004495a9","hash":"2bce08e5fe55fcc11ad2a8895fe1578996d5c838"}
,"C:\\Users\\Hactiv8\\phase3\\FinalProject\\backend\\models\\user.js": {"path":"C:\\Users\\Hactiv8\\phase3\\FinalProject\\backend\\models\\user.js","statementMap":{"0":{"start":{"line":1,"column":17},"end":{"line":1,"column":40}},"1":{"start":{"line":2,"column":18},"end":{"line":2,"column":38}},"2":{"start":{"line":3,"column":25},"end":{"line":3,"column":43}},"3":{"start":{"line":4,"column":17},"end":{"line":4,"column":36}},"4":{"start":{"line":5,"column":21},"end":{"line":5,"column":39}},"5":{"start":{"line":8,"column":4},"end":{"line":8,"column":40}},"6":{"start":{"line":12,"column":27},"end":{"line":12,"column":44}},"7":{"start":{"line":14,"column":17},"end":{"line":14,"column":54}},"8":{"start":{"line":15,"column":4},"end":{"line":15,"column":16}},"9":{"start":{"line":19,"column":27},"end":{"line":19,"column":44}},"10":{"start":{"line":20,"column":17},"end":{"line":20,"column":63}},"11":{"start":{"line":21,"column":4},"end":{"line":21,"column":16}},"12":{"start":{"line":25,"column":27},"end":{"line":25,"column":44}},"13":{"start":{"line":26,"column":17},"end":{"line":26,"column":73}},"14":{"start":{"line":27,"column":4},"end":{"line":27,"column":16}},"15":{"start":{"line":31,"column":27},"end":{"line":31,"column":44}},"16":{"start":{"line":32,"column":17},"end":{"line":34,"column":6}},"17":{"start":{"line":35,"column":4},"end":{"line":35,"column":16}},"18":{"start":{"line":39,"column":27},"end":{"line":39,"column":44}},"19":{"start":{"line":40,"column":25},"end":{"line":40,"column":57}},"20":{"start":{"line":41,"column":26},"end":{"line":41,"column":74}},"21":{"start":{"line":42,"column":31},"end":{"line":42,"column":68}},"22":{"start":{"line":43,"column":34},"end":{"line":43,"column":77}},"23":{"start":{"line":45,"column":4},"end":{"line":51,"column":5}},"24":{"start":{"line":46,"column":6},"end":{"line":50,"column":9}},"25":{"start":{"line":53,"column":4},"end":{"line":59,"column":5}},"26":{"start":{"line":54,"column":6},"end":{"line":58,"column":9}},"27":{"start":{"line":61,"column":4},"end":{"line":67,"column":5}},"28":{"start":{"line":62,"column":6},"end":{"line":66,"column":9}},"29":{"start":{"line":69,"column":4},"end":{"line":75,"column":5}},"30":{"start":{"line":70,"column":6},"end":{"line":74,"column":9}},"31":{"start":{"line":77,"column":4},"end":{"line":83,"column":5}},"32":{"start":{"line":78,"column":6},"end":{"line":82,"column":9}},"33":{"start":{"line":85,"column":4},"end":{"line":91,"column":5}},"34":{"start":{"line":86,"column":6},"end":{"line":90,"column":9}},"35":{"start":{"line":93,"column":4},"end":{"line":99,"column":5}},"36":{"start":{"line":94,"column":6},"end":{"line":98,"column":9}},"37":{"start":{"line":101,"column":17},"end":{"line":105,"column":6}},"38":{"start":{"line":108,"column":23},"end":{"line":108,"column":53}},"39":{"start":{"line":110,"column":4},"end":{"line":110,"column":22}},"40":{"start":{"line":114,"column":0},"end":{"line":114,"column":22}}},"fnMap":{"0":{"name":"(anonymous_0)","decl":{"start":{"line":7,"column":2},"end":{"line":7,"column":3}},"loc":{"start":{"line":7,"column":22},"end":{"line":9,"column":3}},"line":7},"1":{"name":"(anonymous_1)","decl":{"start":{"line":11,"column":2},"end":{"line":11,"column":3}},"loc":{"start":{"line":11,"column":25},"end":{"line":16,"column":3}},"line":11},"2":{"name":"(anonymous_2)","decl":{"start":{"line":18,"column":2},"end":{"line":18,"column":3}},"loc":{"start":{"line":18,"column":34},"end":{"line":22,"column":3}},"line":18},"3":{"name":"(anonymous_3)","decl":{"start":{"line":24,"column":2},"end":{"line":24,"column":3}},"loc":{"start":{"line":24,"column":29},"end":{"line":28,"column":3}},"line":24},"4":{"name":"(anonymous_4)","decl":{"start":{"line":30,"column":2},"end":{"line":30,"column":3}},"loc":{"start":{"line":30,"column":40},"end":{"line":36,"column":3}},"line":30},"5":{"name":"(anonymous_5)","decl":{"start":{"line":38,"column":2},"end":{"line":38,"column":3}},"loc":{"start":{"line":38,"column":35},"end":{"line":111,"column":3}},"line":38}},"branchMap":{"0":{"loc":{"start":{"line":45,"column":4},"end":{"line":51,"column":5}},"type":"if","locations":[{"start":{"line":45,"column":4},"end":{"line":51,"column":5}},{"start":{},"end":{}}],"line":45},"1":{"loc":{"start":{"line":53,"column":4},"end":{"line":59,"column":5}},"type":"if","locations":[{"start":{"line":53,"column":4},"end":{"line":59,"column":5}},{"start":{},"end":{}}],"line":53},"2":{"loc":{"start":{"line":61,"column":4},"end":{"line":67,"column":5}},"type":"if","locations":[{"start":{"line":61,"column":4},"end":{"line":67,"column":5}},{"start":{},"end":{}}],"line":61},"3":{"loc":{"start":{"line":69,"column":4},"end":{"line":75,"column":5}},"type":"if","locations":[{"start":{"line":69,"column":4},"end":{"line":75,"column":5}},{"start":{},"end":{}}],"line":69},"4":{"loc":{"start":{"line":77,"column":4},"end":{"line":83,"column":5}},"type":"if","locations":[{"start":{"line":77,"column":4},"end":{"line":83,"column":5}},{"start":{},"end":{}}],"line":77},"5":{"loc":{"start":{"line":85,"column":4},"end":{"line":91,"column":5}},"type":"if","locations":[{"start":{"line":85,"column":4},"end":{"line":91,"column":5}},{"start":{},"end":{}}],"line":85},"6":{"loc":{"start":{"line":93,"column":4},"end":{"line":99,"column":5}},"type":"if","locations":[{"start":{"line":93,"column":4},"end":{"line":99,"column":5}},{"start":{},"end":{}}],"line":93}},"s":{"0":1,"1":1,"2":1,"3":1,"4":1,"5":3,"6":1,"7":1,"8":1,"9":0,"10":0,"11":0,"12":1,"13":1,"14":1,"15":1,"16":1,"17":1,"18":0,"19":0,"20":0,"21":0,"22":0,"23":0,"24":0,"25":0,"26":0,"27":0,"28":0,"29":0,"30":0,"31":0,"32":0,"33":0,"34":0,"35":0,"36":0,"37":0,"38":0,"39":0,"40":1},"f":{"0":3,"1":1,"2":0,"3":1,"4":1,"5":0},"b":{"0":[0,0],"1":[0,0],"2":[0,0],"3":[0,0],"4":[0,0],"5":[0,0],"6":[0,0]},"_coverageSchema":"1a1c01bbd47fc00a2c39e90264f33305004495a9","hash":"f688eb71376a314f4dfc5fb17cfc70865231a365"}
,"C:\\Users\\Hactiv8\\phase3\\FinalProject\\backend\\resolvers\\conversation.js": {"path":"C:\\Users\\Hactiv8\\phase3\\FinalProject\\backend\\resolvers\\conversation.js","statementMap":{"0":{"start":{"line":1,"column":21},"end":{"line":1,"column":54}},"1":{"start":{"line":3,"column":18},"end":{"line":34,"column":1}},"2":{"start":{"line":6,"column":27},"end":{"line":6,"column":62}},"3":{"start":{"line":8,"column":6},"end":{"line":8,"column":36}},"4":{"start":{"line":9,"column":20},"end":{"line":9,"column":68}},"5":{"start":{"line":13,"column":6},"end":{"line":13,"column":19}},"6":{"start":{"line":19,"column":27},"end":{"line":19,"column":62}},"7":{"start":{"line":20,"column":21},"end":{"line":20,"column":37}},"8":{"start":{"line":21,"column":23},"end":{"line":21,"column":38}},"9":{"start":{"line":23,"column":19},"end":{"line":27,"column":7}},"10":{"start":{"line":29,"column":21},"end":{"line":29,"column":57}},"11":{"start":{"line":31,"column":6},"end":{"line":31,"column":20}},"12":{"start":{"line":36,"column":0},"end":{"line":36,"column":27}}},"fnMap":{"0":{"name":"(anonymous_0)","decl":{"start":{"line":5,"column":20},"end":{"line":5,"column":21}},"loc":{"start":{"line":5,"column":53},"end":{"line":14,"column":5}},"line":5},"1":{"name":"(anonymous_1)","decl":{"start":{"line":18,"column":17},"end":{"line":18,"column":18}},"loc":{"start":{"line":18,"column":50},"end":{"line":32,"column":5}},"line":18}},"branchMap":{},"s":{"0":1,"1":1,"2":0,"3":0,"4":0,"5":0,"6":0,"7":0,"8":0,"9":0,"10":0,"11":0,"12":1},"f":{"0":0,"1":0},"b":{},"_coverageSchema":"1a1c01bbd47fc00a2c39e90264f33305004495a9","hash":"330c9452f2d5552344271e6049ba754293d68d9b"}
,"C:\\Users\\Hactiv8\\phase3\\FinalProject\\backend\\resolvers\\user.js": {"path":"C:\\Users\\Hactiv8\\phase3\\FinalProject\\backend\\resolvers\\user.js","statementMap":{"0":{"start":{"line":1,"column":13},"end":{"line":1,"column":38}},"1":{"start":{"line":2,"column":17},"end":{"line":2,"column":36}},"2":{"start":{"line":3,"column":12},"end":{"line":3,"column":35}},"3":{"start":{"line":4,"column":25},"end":{"line":4,"column":43}},"4":{"start":{"line":5,"column":21},"end":{"line":5,"column":54}},"5":{"start":{"line":7,"column":14},"end":{"line":24,"column":1}},"6":{"start":{"line":26,"column":18},"end":{"line":91,"column":1}},"7":{"start":{"line":29,"column":20},"end":{"line":29,"column":40}},"8":{"start":{"line":30,"column":6},"end":{"line":30,"column":19}},"9":{"start":{"line":34,"column":23},"end":{"line":34,"column":63}},"10":{"start":{"line":35,"column":6},"end":{"line":35,"column":22}},"11":{"start":{"line":39,"column":22},"end":{"line":39,"column":26}},"12":{"start":{"line":40,"column":19},"end":{"line":40,"column":43}},"13":{"start":{"line":41,"column":6},"end":{"line":41,"column":18}},"14":{"start":{"line":47,"column":22},"end":{"line":47,"column":34}},"15":{"start":{"line":49,"column":21},"end":{"line":49,"column":51}},"16":{"start":{"line":52,"column":33},"end":{"line":52,"column":82}},"17":{"start":{"line":54,"column":6},"end":{"line":54,"column":20}},"18":{"start":{"line":58,"column":34},"end":{"line":58,"column":38}},"19":{"start":{"line":59,"column":19},"end":{"line":59,"column":48}},"20":{"start":{"line":60,"column":6},"end":{"line":66,"column":7}},"21":{"start":{"line":61,"column":8},"end":{"line":65,"column":11}},"22":{"start":{"line":67,"column":30},"end":{"line":67,"column":75}},"23":{"start":{"line":68,"column":6},"end":{"line":74,"column":7}},"24":{"start":{"line":69,"column":8},"end":{"line":73,"column":11}},"25":{"start":{"line":76,"column":27},"end":{"line":83,"column":7}},"26":{"start":{"line":85,"column":6},"end":{"line":88,"column":8}},"27":{"start":{"line":93,"column":0},"end":{"line":93,"column":27}}},"fnMap":{"0":{"name":"(anonymous_0)","decl":{"start":{"line":28,"column":18},"end":{"line":28,"column":19}},"loc":{"start":{"line":28,"column":30},"end":{"line":31,"column":5}},"line":28},"1":{"name":"(anonymous_1)","decl":{"start":{"line":33,"column":24},"end":{"line":33,"column":25}},"loc":{"start":{"line":33,"column":43},"end":{"line":36,"column":5}},"line":33},"2":{"name":"(anonymous_2)","decl":{"start":{"line":38,"column":18},"end":{"line":38,"column":19}},"loc":{"start":{"line":38,"column":37},"end":{"line":42,"column":5}},"line":38},"3":{"name":"(anonymous_3)","decl":{"start":{"line":46,"column":14},"end":{"line":46,"column":15}},"loc":{"start":{"line":46,"column":33},"end":{"line":55,"column":5}},"line":46},"4":{"name":"(anonymous_4)","decl":{"start":{"line":57,"column":11},"end":{"line":57,"column":12}},"loc":{"start":{"line":57,"column":30},"end":{"line":89,"column":5}},"line":57}},"branchMap":{"0":{"loc":{"start":{"line":60,"column":6},"end":{"line":66,"column":7}},"type":"if","locations":[{"start":{"line":60,"column":6},"end":{"line":66,"column":7}},{"start":{},"end":{}}],"line":60},"1":{"loc":{"start":{"line":68,"column":6},"end":{"line":74,"column":7}},"type":"if","locations":[{"start":{"line":68,"column":6},"end":{"line":74,"column":7}},{"start":{},"end":{}}],"line":68}},"s":{"0":1,"1":1,"2":1,"3":1,"4":1,"5":1,"6":1,"7":1,"8":1,"9":1,"10":1,"11":1,"12":1,"13":1,"14":0,"15":0,"16":0,"17":0,"18":0,"19":0,"20":0,"21":0,"22":0,"23":0,"24":0,"25":0,"26":0,"27":1},"f":{"0":1,"1":1,"2":1,"3":0,"4":0},"b":{"0":[0,0],"1":[0,0]},"_coverageSchema":"1a1c01bbd47fc00a2c39e90264f33305004495a9","hash":"afccc0086d54bdbe183e90a9e5b217ab7fe16f2e"}
,"C:\\Users\\Hactiv8\\phase3\\FinalProject\\backend\\schemas\\conversation.js": {"path":"C:\\Users\\Hactiv8\\phase3\\FinalProject\\backend\\schemas\\conversation.js","statementMap":{"0":{"start":{"line":1,"column":17},"end":{"line":28,"column":1}},"1":{"start":{"line":30,"column":0},"end":{"line":30,"column":26}}},"fnMap":{},"branchMap":{},"s":{"0":1,"1":1},"f":{},"b":{},"_coverageSchema":"1a1c01bbd47fc00a2c39e90264f33305004495a9","hash":"f2031a08ddc2683e0fafe6f99a63945206312b4b"}
,"C:\\Users\\Hactiv8\\phase3\\FinalProject\\backend\\schemas\\user.js": {"path":"C:\\Users\\Hactiv8\\phase3\\FinalProject\\backend\\schemas\\user.js","statementMap":{"0":{"start":{"line":2,"column":17},"end":{"line":35,"column":1}},"1":{"start":{"line":37,"column":0},"end":{"line":37,"column":26}}},"fnMap":{},"branchMap":{},"s":{"0":1,"1":1},"f":{},"b":{},"_coverageSchema":"1a1c01bbd47fc00a2c39e90264f33305004495a9","hash":"d567b16361f9776b095cb0a76c6bfbc1bad3e760"}
}
