TN:
SF:index.js
FNF:0
FNH:0
DA:1,1
DA:2,1
DA:4,1
DA:5,1
DA:6,1
DA:7,1
DA:8,1
DA:9,1
DA:10,1
DA:13,1
DA:14,1
DA:15,1
DA:20,1
DA:21,1
DA:22,1
DA:28,1
LF:16
LH:16
BRDA:1,0,0,1
BRDA:1,0,1,0
BRF:2
BRH:1
end_of_record
TN:
SF:config\db.js
FNF:0
FNH:0
DA:1,1
DA:2,1
DA:5,1
DA:14,1
DA:31,1
LF:5
LH:5
BRF:0
BRH:0
end_of_record
TN:
SF:models\conversation.js
FN:8,(anonymous_0)
FN:12,(anonymous_1)
FN:22,(anonymous_2)
FN:31,(anonymous_3)
FNF:4
FNH:0
FNDA:0,(anonymous_0)
FNDA:0,(anonymous_1)
FNDA:0,(anonymous_2)
FNDA:0,(anonymous_3)
DA:1,1
DA:2,1
DA:3,1
DA:4,1
DA:5,1
DA:9,0
DA:13,0
DA:15,0
DA:19,0
DA:23,0
DA:24,0
DA:28,0
DA:32,0
DA:33,0
DA:34,0
DA:42,0
DA:83,0
DA:88,0
DA:90,0
DA:107,0
DA:123,0
DA:127,0
DA:131,1
LF:23
LH:6
BRDA:33,0,0,0
BRDA:33,0,1,0
BRF:2
BRH:0
end_of_record
TN:
SF:models\user.js
FN:7,(anonymous_0)
FN:11,(anonymous_1)
FN:18,(anonymous_2)
FN:24,(anonymous_3)
FN:30,(anonymous_4)
FN:38,(anonymous_5)
FNF:6
FNH:3
FNDA:4,(anonymous_0)
FNDA:1,(anonymous_1)
FNDA:3,(anonymous_2)
FNDA:0,(anonymous_3)
FNDA:0,(anonymous_4)
FNDA:0,(anonymous_5)
DA:1,1
DA:2,1
DA:3,1
DA:4,1
DA:5,1
DA:8,4
DA:12,1
DA:14,1
DA:15,1
DA:19,3
DA:20,3
DA:21,3
DA:25,0
DA:26,0
DA:27,0
DA:31,0
DA:32,0
DA:35,0
DA:39,0
DA:40,0
DA:41,0
DA:42,0
DA:43,0
DA:45,0
DA:46,0
DA:53,0
DA:54,0
DA:61,0
DA:62,0
DA:69,0
DA:70,0
DA:77,0
DA:78,0
DA:85,0
DA:86,0
DA:93,0
DA:94,0
DA:101,0
DA:108,0
DA:110,0
DA:114,1
LF:41
LH:13
BRDA:45,0,0,0
BRDA:45,0,1,0
BRDA:53,1,0,0
BRDA:53,1,1,0
BRDA:61,2,0,0
BRDA:61,2,1,0
BRDA:69,3,0,0
BRDA:69,3,1,0
BRDA:77,4,0,0
BRDA:77,4,1,0
BRDA:85,5,0,0
BRDA:85,5,1,0
BRDA:93,6,0,0
BRDA:93,6,1,0
BRF:14
BRH:0
end_of_record
TN:
SF:models\userComplaint.js
FN:23,(anonymous_0)
FN:27,(anonymous_1)
FN:37,(anonymous_2)
FN:141,(anonymous_3)
FNF:4
FNH:0
FNDA:0,(anonymous_0)
FNDA:0,(anonymous_1)
FNDA:0,(anonymous_2)
FNDA:0,(anonymous_3)
DA:1,1
DA:2,1
DA:3,1
DA:4,1
DA:6,1
DA:24,0
DA:28,0
DA:30,0
DA:34,0
DA:38,0
DA:40,0
DA:48,0
DA:55,0
DA:56,0
DA:63,0
DA:64,0
DA:74,0
DA:75,0
DA:85,0
DA:86,0
DA:96,0
DA:97,0
DA:107,0
DA:108,0
DA:118,0
DA:119,0
DA:120,0
DA:130,0
DA:136,0
DA:138,0
DA:142,0
DA:143,0
DA:151,0
DA:158,0
DA:159,0
DA:166,0
DA:167,0
DA:177,0
DA:178,0
DA:188,0
DA:189,0
DA:199,0
DA:200,0
DA:210,0
DA:211,0
DA:228,0
DA:230,0
DA:250,0
DA:254,1
LF:49
LH:6
BRDA:40,0,0,0
BRDA:40,0,1,0
BRDA:41,1,0,0
BRDA:41,1,1,0
BRDA:41,1,2,0
BRDA:41,1,3,0
BRDA:41,1,4,0
BRDA:41,1,5,0
BRDA:55,2,0,0
BRDA:55,2,1,0
BRDA:63,3,0,0
BRDA:63,3,1,0
BRDA:74,4,0,0
BRDA:74,4,1,0
BRDA:85,5,0,0
BRDA:85,5,1,0
BRDA:96,6,0,0
BRDA:96,6,1,0
BRDA:107,7,0,0
BRDA:107,7,1,0
BRDA:119,8,0,0
BRDA:119,8,1,0
BRDA:143,9,0,0
BRDA:143,9,1,0
BRDA:144,10,0,0
BRDA:144,10,1,0
BRDA:144,10,2,0
BRDA:144,10,3,0
BRDA:144,10,4,0
BRDA:144,10,5,0
BRDA:158,11,0,0
BRDA:158,11,1,0
BRDA:166,12,0,0
BRDA:166,12,1,0
BRDA:177,13,0,0
BRDA:177,13,1,0
BRDA:188,14,0,0
BRDA:188,14,1,0
BRDA:199,15,0,0
BRDA:199,15,1,0
BRDA:210,16,0,0
BRDA:210,16,1,0
BRF:42
BRH:0
end_of_record
TN:
SF:resolvers\conversation.js
FN:6,(anonymous_0)
FN:19,(anonymous_1)
FNF:2
FNH:0
FNDA:0,(anonymous_0)
FNDA:0,(anonymous_1)
DA:1,1
DA:2,1
DA:4,1
DA:7,0
DA:9,0
DA:10,0
DA:14,0
DA:20,0
DA:21,0
DA:22,0
DA:31,0
DA:33,0
DA:45,0
DA:47,0
DA:52,1
LF:15
LH:4
BRF:0
BRH:0
end_of_record
TN:
SF:resolvers\user.js
FN:28,(anonymous_0)
FN:33,(anonymous_1)
FN:38,(anonymous_2)
FN:46,(anonymous_3)
FN:57,(anonymous_4)
FNF:5
FNH:2
FNDA:1,(anonymous_0)
FNDA:0,(anonymous_1)
FNDA:0,(anonymous_2)
FNDA:0,(anonymous_3)
FNDA:3,(anonymous_4)
DA:1,1
DA:2,1
DA:3,1
DA:4,1
DA:5,1
DA:7,1
DA:26,1
DA:29,1
DA:30,1
DA:34,0
DA:35,0
DA:39,0
DA:40,0
DA:41,0
DA:47,0
DA:49,0
DA:52,0
DA:54,0
DA:58,3
DA:59,3
DA:60,3
DA:61,1
DA:67,2
DA:68,2
DA:69,1
DA:76,1
DA:85,1
DA:93,1
LF:28
LH:19
BRDA:60,0,0,1
BRDA:60,0,1,2
BRDA:68,1,0,1
BRDA:68,1,1,1
BRF:4
BRH:4
end_of_record
TN:
SF:resolvers\userComplaint.js
FN:6,(anonymous_0)
FN:18,(anonymous_1)
FN:31,(anonymous_2)
FNF:3
FNH:0
FNDA:0,(anonymous_0)
FNDA:0,(anonymous_1)
FNDA:0,(anonymous_2)
DA:1,1
DA:2,1
DA:4,1
DA:7,0
DA:10,0
DA:13,0
DA:19,0
DA:21,0
DA:26,0
DA:28,0
DA:32,0
DA:36,0
DA:41,0
DA:42,0
DA:47,1
LF:15
LH:4
BRF:0
BRH:0
end_of_record
TN:
SF:schemas\conversation.js
FNF:0
FNH:0
DA:1,1
DA:30,1
LF:2
LH:2
BRF:0
BRH:0
end_of_record
TN:
SF:schemas\user.js
FNF:0
FNH:0
DA:2,1
DA:37,1
LF:2
LH:2
BRF:0
BRH:0
end_of_record
TN:
SF:schemas\userComplaint.js
FNF:0
FNH:0
DA:1,1
DA:34,1
LF:2
LH:2
BRF:0
BRH:0
end_of_record
